#
# A fatal error has been detected by the Java Runtime Environment:
#
#  SIGSEGV (0xb) at pc=0x000000010f34062c, pid=1145, tid=16643
#
# JRE version: Java(TM) SE Runtime Environment (8.0_05-b13) (build 1.8.0_05-b13)
# Java VM: Java HotSpot(TM) 64-Bit Server VM (25.5-b02 mixed mode bsd-amd64 compressed oops)
# Problematic frame:
# V  [libjvm.dylib+0x40b62c]
#
# Failed to write core dump. Core dumps have been disabled. To enable core dumping, try "ulimit -c unlimited" before starting Java again
#
# If you would like to submit a bug report, please visit:
#   http://bugreport.sun.com/bugreport/crash.jsp
#

---------------  T H R E A D  ---------------

Current thread (0x00007fa62a001000):  JavaThread "JDWP Transport Listener: dt_socket" daemon [_thread_in_vm, id=16643, stack(0x0000000128250000,0x0000000128350000)]

siginfo:si_signo=SIGSEGV: si_errno=0, si_code=0 (SEGV0), si_addr=0x0000000000000000

Registers:
RAX=0x0000000000000001, RBX=0x000000012834fa8b, RCX=0x000000010f6e4780, RDX=0x000000012834fa8b
RSP=0x000000012834f9d0, RBP=0x000000012834f9e0, RSI=0x00007fa62a001000, RDI=0x00020007400b05f0
R8 =0x0000000000000001, R9 =0x00007fa628c00000, R10=0x0000000000000020, R11=0x00007fa628c00000
R12=0x00007fa62a001000, R13=0x00020007400b05f0, R14=0x00020007400b05f0, R15=0x00007fa628d02bb0
RIP=0x000000010f34062c, EFLAGS=0x0000000000010206, ERR=0x0000000000000000
  TRAPNO=0x000000000000000d

Top of Stack: (sp=0x000000012834f9d0)
0x000000012834f9d0:   000000012834fa8b 000000012834fa8b
0x000000012834f9e0:   000000012834fa40 000000010f25997a
0x000000012834f9f0:   00007fa62a001000 0000000000000000
0x000000012834fa00:   0000000000000000 0000000000000000
0x000000012834fa10:   00007fa62a001000 00007fa62a001000
0x000000012834fa20:   000000012834fa8b 000000012834fa90
0x000000012834fa30:   00020007400b05f0 0000000000000003
0x000000012834fa40:   000000012834fa60 00000001107787dc
0x000000012834fa50:   0000000000000001 000000012834fb08
0x000000012834fa60:   000000012834fad0 000000011075d263
0x000000012834fa70:   000000012834faa0 00007fa628c25050
0x000000012834fa80:   0000000400000032 000000090034fb08
0x000000012834fa90:   0000000000000000 0000000000000000
0x000000012834faa0:   0000000000000000 000000012834fc90
0x000000012834fab0:   000000011077feca 00007fa628f33eb0
0x000000012834fac0:   000000012834fb08 000000011078b588
0x000000012834fad0:   000000012834fae0 000000011075d35c
0x000000012834fae0:   000000012834fd00 00000001107668f6
0x000000012834faf0:   0000068300000013 00000000000f0200
0x000000012834fb00:   00007fa628f2dea0 000000012834fc20
0x000000012834fb10:   00007fa600000064 000000012834fb20
0x000000012834fb20:   00007fa6000000c8 000000012834fb58
0x000000012834fb30:   0000000000000000 00007f0000000000
0x000000012834fb40:   000006830000001c 00007fff0000cf80
0x000000012834fb50:   000000012834fb58 a67f000004000000
0x000000012834fb60:   0c0000005878e228 646e416573726170
0x000000012834fb70:   1600000065766153 2f6176616a4c5b28
0x000000012834fb80:   7274532f676e616c 000056293b676e69
0x000000012834fb90:   00000a0000000000 00003878e228a67f
0x000000012834fba0:   00006e69616d0400 76616a4c5b281600
0x000000012834fbb0:   532f676e616c2f61 56293b676e697274
0x000000012834fbc0:   0900000000000000 4078e228a67f0000 

Instructions: (pc=0x000000010f34062c)
0x000000010f34060c:   40 48 48 85 c0 75 e0 30 c0 0f b6 c0 5d c3 31 c0
0x000000010f34061c:   5d c3 55 48 89 e5 53 48 83 ec 08 48 85 ff 74 24
0x000000010f34062c:   48 8b 1f 48 85 db 74 1c 48 83 fb 37 74 16 48 8b
0x000000010f34063c:   03 48 89 df ff 50 08 84 c0 b8 00 00 00 00 48 0f 

Register to memory mapping:

RAX=0x0000000000000001 is an unknown value
RBX=0x000000012834fa8b is pointing into the stack for thread: 0x00007fa62a001000
RCX=0x000000010f6e4780: UseMembar+0 in /Library/Java/JavaVirtualMachines/jdk1.8.0_05.jdk/Contents/Home/jre/lib/server/libjvm.dylib at 0x000000010ef35000
RDX=0x000000012834fa8b is pointing into the stack for thread: 0x00007fa62a001000
RSP=0x000000012834f9d0 is pointing into the stack for thread: 0x00007fa62a001000
RBP=0x000000012834f9e0 is pointing into the stack for thread: 0x00007fa62a001000
RSI=0x00007fa62a001000 is a thread
RDI=0x00020007400b05f0 is an unknown value
R8 =0x0000000000000001 is an unknown value
R9 =0x00007fa628c00000 is an unknown value
R10=0x0000000000000020 is an unknown value
R11=0x00007fa628c00000 is an unknown value
R12=0x00007fa62a001000 is a thread
R13=0x00020007400b05f0 is an unknown value
R14=0x00020007400b05f0 is an unknown value
R15=0x00007fa628d02bb0 is an unknown value


Stack: [0x0000000128250000,0x0000000128350000],  sp=0x000000012834f9d0,  free space=1022k
Native frames: (J=compiled Java code, j=interpreted, Vv=VM code, C=native code)
V  [libjvm.dylib+0x40b62c]
V  [libjvm.dylib+0x32497a]
C  [libjdwp.dylib+0x207dc]  isMethodSynthetic+0x63
C  [libjdwp.dylib+0x5263]  methods1+0x10b
C  [libjdwp.dylib+0x535c]  methodsWithGeneric+0xe
C  [libjdwp.dylib+0xe8f6]  debugLoop_run+0x1ce
C  [libjdwp.dylib+0x1f716]  attachThread+0x4d
V  [libjvm.dylib+0x3659ea]
V  [libjvm.dylib+0x51ccf5]
V  [libjvm.dylib+0x51e432]
V  [libjvm.dylib+0x445426]
C  [libsystem_pthread.dylib+0x3268]  _pthread_body+0x83
C  [libsystem_pthread.dylib+0x31e5]  _pthread_body+0x0
C  [libsystem_pthread.dylib+0x141d]  thread_start+0xd


---------------  P R O C E S S  ---------------

Java Threads: ( => current thread )
  0x00007fa6290a1800 JavaThread "pool-1-thread-1" [_thread_blocked, id=20739, stack(0x0000000128b1b000,0x0000000128c1b000)]
  0x00007fa629819800 JavaThread "Service Thread" daemon [_thread_blocked, id=19715, stack(0x0000000128862000,0x0000000128962000)]
  0x00007fa629030000 JavaThread "C1 CompilerThread2" daemon [_thread_blocked, id=19203, stack(0x000000012875f000,0x000000012885f000)]
  0x00007fa62902c800 JavaThread "C2 CompilerThread1" daemon [_thread_blocked, id=18691, stack(0x000000012865c000,0x000000012875c000)]
  0x00007fa62902b000 JavaThread "C2 CompilerThread0" daemon [_thread_blocked, id=18179, stack(0x0000000128559000,0x0000000128659000)]
  0x00007fa62a859000 JavaThread "JDWP Command Reader" daemon [_thread_in_native, id=17667, stack(0x0000000128456000,0x0000000128556000)]
  0x00007fa62a004000 JavaThread "JDWP Event Helper Thread" daemon [_thread_blocked, id=17155, stack(0x0000000128353000,0x0000000128453000)]
=>0x00007fa62a001000 JavaThread "JDWP Transport Listener: dt_socket" daemon [_thread_in_vm, id=16643, stack(0x0000000128250000,0x0000000128350000)]
  0x00007fa62a840800 JavaThread "Signal Dispatcher" daemon [_thread_blocked, id=16163, stack(0x0000000128146000,0x0000000128246000)]
  0x00007fa62a801000 JavaThread "Finalizer" daemon [_thread_blocked, id=11523, stack(0x0000000126726000,0x0000000126826000)]
  0x00007fa629814800 JavaThread "Reference Handler" daemon [_thread_blocked, id=11011, stack(0x0000000126623000,0x0000000126723000)]
  0x00007fa62a806800 JavaThread "main" [_thread_blocked, id=4867, stack(0x0000000110614000,0x0000000110714000)]

Other Threads:
  0x00007fa62980f800 VMThread [stack: 0x0000000126520000,0x0000000126620000] [id=10499]
  0x00007fa62900b000 WatcherThread [stack: 0x0000000128965000,0x0000000128a65000] [id=20227]

VM state:not at safepoint (normal execution)

VM Mutex/Monitor currently owned by a thread: None

Heap:
 PSYoungGen      total 7680K, used 4517K [0x0000000795580000, 0x0000000796380000, 0x00000007c0000000)
  eden space 6144K, 48% used [0x0000000795580000,0x000000079586bd28,0x0000000795b80000)
  from space 1536K, 99% used [0x0000000795b80000,0x0000000795cfd9b8,0x0000000795d00000)
  to   space 2048K, 0% used [0x0000000796180000,0x0000000796180000,0x0000000796380000)
 ParOldGen       total 129536K, used 2878K [0x0000000740000000, 0x0000000747e80000, 0x0000000795580000)
  object space 129536K, 2% used [0x0000000740000000,0x00000007402cf9c8,0x0000000747e80000)
 Metaspace       used 10347K, capacity 10584K, committed 10752K, reserved 1058816K
  class space    used 1191K, capacity 1250K, committed 1280K, reserved 1048576K

Card table byte_map: [0x000000011fb74000,0x000000011ff75000] byte_map_base: 0x000000011c174000

Marking Bits: (ParMarkBitMap*) 0x000000010f79b0a0
 Begin Bits: [0x000000012062c000, 0x000000012262c000)
 End Bits:   [0x000000012262c000, 0x000000012462c000)

Polling page: 0x000000010fdf9000

CodeCache: size=245760Kb used=3753Kb max_used=3764Kb free=242006Kb
 bounds [0x00000001107b4000, 0x0000000110b64000, 0x000000011f7b4000]
 total_blobs=1359 nmethods=1011 adapters=272
 compilation: enabled

Compilation events (10 events):
Event: 1.728 Thread 0x00007fa629030000 1006       3       java.util.ArrayList::iterator (10 bytes)
Event: 1.728 Thread 0x00007fa629030000 nmethod 1006 0x0000000110b5e090 code [0x0000000110b5e200, 0x0000000110b5e4d0]
Event: 1.728 Thread 0x00007fa629030000 1005       1       sun.misc.ProxyGenerator::access$800 (5 bytes)
Event: 1.729 Thread 0x00007fa629030000 nmethod 1005 0x0000000110b5e610 code [0x0000000110b5e760, 0x0000000110b5e850]
Event: 1.729 Thread 0x00007fa629030000 1009       1       java.lang.reflect.Method::getModifiers (5 bytes)
Event: 1.729 Thread 0x00007fa629030000 nmethod 1009 0x0000000110b5e8d0 code [0x0000000110b5ea20, 0x0000000110b5eb30]
Event: 1.729 Thread 0x00007fa62902b000 1010       4       java.util.ArrayList::get (11 bytes)
Event: 1.730 Thread 0x00007fa62902b000 nmethod 1010 0x0000000110b61890 code [0x0000000110b619e0, 0x0000000110b61ad8]
Event: 1.734 Thread 0x00007fa629030000 1011       1       java.lang.reflect.Field::getName (5 bytes)
Event: 1.734 Thread 0x00007fa629030000 nmethod 1011 0x0000000110b615d0 code [0x0000000110b61720, 0x0000000110b61830]

GC Heap History (10 events):
Event: 0.534 GC heap before
{Heap before GC invocations=7 (full 0):
 PSYoungGen      total 3072K, used 2794K [0x0000000795580000, 0x0000000795980000, 0x00000007c0000000)
  eden space 2048K, 100% used [0x0000000795580000,0x0000000795780000,0x0000000795780000)
  from space 1024K, 72% used [0x0000000795880000,0x000000079593ab98,0x0000000795980000)
  to   space 1024K, 0% used [0x0000000795780000,0x0000000795780000,0x0000000795880000)
 ParOldGen       total 129536K, used 635K [0x0000000740000000, 0x0000000747e80000, 0x0000000795580000)
  object space 129536K, 0% used [0x0000000740000000,0x000000074009efa0,0x0000000747e80000)
 Metaspace       used 6492K, capacity 6652K, committed 6784K, reserved 1056768K
  class space    used 735K, capacity 792K, committed 896K, reserved 1048576K
Event: 0.538 GC heap after
Heap after GC invocations=7 (full 0):
 PSYoungGen      total 3072K, used 874K [0x0000000795580000, 0x0000000795b80000, 0x00000007c0000000)
  eden space 2048K, 0% used [0x0000000795580000,0x0000000795580000,0x0000000795780000)
  from space 1024K, 85% used [0x0000000795780000,0x000000079585ab50,0x0000000795880000)
  to   space 1024K, 0% used [0x0000000795a80000,0x0000000795a80000,0x0000000795b80000)
 ParOldGen       total 129536K, used 960K [0x0000000740000000, 0x0000000747e80000, 0x0000000795580000)
  object space 129536K, 0% used [0x0000000740000000,0x00000007400f0000,0x0000000747e80000)
 Metaspace       used 6492K, capacity 6652K, committed 6784K, reserved 1056768K
  class space    used 735K, capacity 792K, committed 896K, reserved 1048576K
}
Event: 0.583 GC heap before
{Heap before GC invocations=8 (full 0):
 PSYoungGen      total 3072K, used 2922K [0x0000000795580000, 0x0000000795b80000, 0x00000007c0000000)
  eden space 2048K, 100% used [0x0000000795580000,0x0000000795780000,0x0000000795780000)
  from space 1024K, 85% used [0x0000000795780000,0x000000079585ab50,0x0000000795880000)
  to   space 1024K, 0% used [0x0000000795a80000,0x0000000795a80000,0x0000000795b80000)
 ParOldGen       total 129536K, used 960K [0x0000000740000000, 0x0000000747e80000, 0x0000000795580000)
  object space 129536K, 0% used [0x0000000740000000,0x00000007400f0000,0x0000000747e80000)
 Metaspace       used 6689K, capacity 6842K, committed 7040K, reserved 1056768K
  class space    used 757K, capacity 829K, committed 896K, reserved 1048576K
Event: 0.586 GC heap after
Heap after GC invocations=8 (full 0):
 PSYoungGen      total 4608K, used 1024K [0x0000000795580000, 0x0000000795c80000, 0x00000007c0000000)
  eden space 3584K, 0% used [0x0000000795580000,0x0000000795580000,0x0000000795900000)
  from space 1024K, 100% used [0x0000000795a80000,0x0000000795b80000,0x0000000795b80000)
  to   space 1536K, 0% used [0x0000000795900000,0x0000000795900000,0x0000000795a80000)
 ParOldGen       total 129536K, used 1125K [0x0000000740000000, 0x0000000747e80000, 0x0000000795580000)
  object space 129536K, 0% used [0x0000000740000000,0x0000000740119580,0x0000000747e80000)
 Metaspace       used 6689K, capacity 6842K, committed 7040K, reserved 1056768K
  class space    used 757K, capacity 829K, committed 896K, reserved 1048576K
}
Event: 0.670 GC heap before
{Heap before GC invocations=9 (full 0):
 PSYoungGen      total 4608K, used 4608K [0x0000000795580000, 0x0000000795c80000, 0x00000007c0000000)
  eden space 3584K, 100% used [0x0000000795580000,0x0000000795900000,0x0000000795900000)
  from space 1024K, 100% used [0x0000000795a80000,0x0000000795b80000,0x0000000795b80000)
  to   space 1536K, 0% used [0x0000000795900000,0x0000000795900000,0x0000000795a80000)
 ParOldGen       total 129536K, used 1125K [0x0000000740000000, 0x0000000747e80000, 0x0000000795580000)
  object space 129536K, 0% used [0x0000000740000000,0x0000000740119580,0x0000000747e80000)
 Metaspace       used 7217K, capacity 7360K, committed 7552K, reserved 1056768K
  class space    used 838K, capacity 894K, committed 896K, reserved 1048576K
Event: 0.673 GC heap after
Heap after GC invocations=9 (full 0):
 PSYoungGen      total 5120K, used 1521K [0x0000000795580000, 0x0000000795e80000, 0x00000007c0000000)
  eden space 3584K, 0% used [0x0000000795580000,0x0000000795580000,0x0000000795900000)
  from space 1536K, 99% used [0x0000000795900000,0x0000000795a7c6b8,0x0000000795a80000)
  to   space 1536K, 0% used [0x0000000795d00000,0x0000000795d00000,0x0000000795e80000)
 ParOldGen       total 129536K, used 1231K [0x0000000740000000, 0x0000000747e80000, 0x0000000795580000)
  object space 129536K, 0% used [0x0000000740000000,0x0000000740133c18,0x0000000747e80000)
 Metaspace       used 7217K, capacity 7360K, committed 7552K, reserved 1056768K
  class space    used 838K, capacity 894K, committed 896K, reserved 1048576K
}
Event: 0.929 GC heap before
{Heap before GC invocations=10 (full 0):
 PSYoungGen      total 5120K, used 5105K [0x0000000795580000, 0x0000000795e80000, 0x00000007c0000000)
  eden space 3584K, 100% used [0x0000000795580000,0x0000000795900000,0x0000000795900000)
  from space 1536K, 99% used [0x0000000795900000,0x0000000795a7c6b8,0x0000000795a80000)
  to   space 1536K, 0% used [0x0000000795d00000,0x0000000795d00000,0x0000000795e80000)
 ParOldGen       total 129536K, used 1231K [0x0000000740000000, 0x0000000747e80000, 0x0000000795580000)
  object space 129536K, 0% used [0x0000000740000000,0x0000000740133c18,0x0000000747e80000)
 Metaspace       used 8516K, capacity 8672K, committed 8832K, reserved 1056768K
  class space    used 993K, capacity 1054K, committed 1152K, reserved 1048576K
Event: 0.933 GC heap after
Heap after GC invocations=10 (full 0):
 PSYoungGen      total 7680K, used 1084K [0x0000000795580000, 0x0000000795e80000, 0x00000007c0000000)
  eden space 6144K, 0% used [0x0000000795580000,0x0000000795580000,0x0000000795b80000)
  from space 1536K, 70% used [0x0000000795d00000,0x0000000795e0f038,0x0000000795e80000)
  to   space 1536K, 0% used [0x0000000795b80000,0x0000000795b80000,0x0000000795d00000)
 ParOldGen       total 129536K, used 2127K [0x0000000740000000, 0x0000000747e80000, 0x0000000795580000)
  object space 129536K, 1% used [0x0000000740000000,0x0000000740213c18,0x0000000747e80000)
 Metaspace       used 8516K, capacity 8672K, committed 8832K, reserved 1056768K
  class space    used 993K, capacity 1054K, committed 1152K, reserved 1048576K
}
Event: 1.041 GC heap before
{Heap before GC invocations=11 (full 0):
 PSYoungGen      total 7680K, used 7228K [0x0000000795580000, 0x0000000795e80000, 0x00000007c0000000)
  eden space 6144K, 100% used [0x0000000795580000,0x0000000795b80000,0x0000000795b80000)
  from space 1536K, 70% used [0x0000000795d00000,0x0000000795e0f038,0x0000000795e80000)
  to   space 1536K, 0% used [0x0000000795b80000,0x0000000795b80000,0x0000000795d00000)
 ParOldGen       total 129536K, used 2127K [0x0000000740000000, 0x0000000747e80000, 0x0000000795580000)
  object space 129536K, 1% used [0x0000000740000000,0x0000000740213c18,0x0000000747e80000)
 Metaspace       used 8885K, capacity 9030K, committed 9344K, reserved 1056768K
  class space    used 1035K, capacity 1087K, committed 1152K, reserved 1048576K
Event: 1.044 GC heap after
Heap after GC invocations=11 (full 0):
 PSYoungGen      total 7680K, used 1526K [0x0000000795580000, 0x0000000796380000, 0x00000007c0000000)
  eden space 6144K, 0% used [0x0000000795580000,0x0000000795580000,0x0000000795b80000)
  from space 1536K, 99% used [0x0000000795b80000,0x0000000795cfd9b8,0x0000000795d00000)
  to   space 2048K, 0% used [0x0000000796180000,0x0000000796180000,0x0000000796380000)
 ParOldGen       total 129536K, used 2878K [0x0000000740000000, 0x0000000747e80000, 0x0000000795580000)
  object space 129536K, 2% used [0x0000000740000000,0x00000007402cf9c8,0x0000000747e80000)
 Metaspace       used 8885K, capacity 9030K, committed 9344K, reserved 1056768K
  class space    used 1035K, capacity 1087K, committed 1152K, reserved 1048576K
}

Deoptimization events (1 events):
Event: 1.255 Thread 0x00007fa6290a1800 Uncommon trap: reason=bimorphic action=maybe_recompile pc=0x0000000110ae1928 method=java.util.HashMap.putVal(ILjava/lang/Object;Ljava/lang/Object;ZZ)Ljava/lang/Object; @ 203

Internal exceptions (10 events):
Event: 1.721 Thread 0x00007fa6290a1800 Exception <a 'java/security/PrivilegedActionException'> (0x00000007957e70b8) thrown at [/HUDSON/workspace/8-2-build-macosx-x86_64/jdk8u5/2488/hotspot/src/share/vm/prims/jvm.cpp, line 1248]
Event: 1.721 Thread 0x00007fa6290a1800 Exception <a 'java/security/PrivilegedActionException'> (0x00000007957eacb8) thrown at [/HUDSON/workspace/8-2-build-macosx-x86_64/jdk8u5/2488/hotspot/src/share/vm/prims/jvm.cpp, line 1248]
Event: 1.722 Thread 0x00007fa6290a1800 Exception <a 'java/security/PrivilegedActionException'> (0x00000007957eed20) thrown at [/HUDSON/workspace/8-2-build-macosx-x86_64/jdk8u5/2488/hotspot/src/share/vm/prims/jvm.cpp, line 1248]
Event: 1.722 Thread 0x00007fa6290a1800 Exception <a 'java/security/PrivilegedActionException'> (0x00000007957f4a78) thrown at [/HUDSON/workspace/8-2-build-macosx-x86_64/jdk8u5/2488/hotspot/src/share/vm/prims/jvm.cpp, line 1248]
Event: 1.723 Thread 0x00007fa6290a1800 Exception <a 'java/security/PrivilegedActionException'> (0x00000007957f91a8) thrown at [/HUDSON/workspace/8-2-build-macosx-x86_64/jdk8u5/2488/hotspot/src/share/vm/prims/jvm.cpp, line 1248]
Event: 1.723 Thread 0x00007fa6290a1800 Exception <a 'java/security/PrivilegedActionException'> (0x00000007957fefb0) thrown at [/HUDSON/workspace/8-2-build-macosx-x86_64/jdk8u5/2488/hotspot/src/share/vm/prims/jvm.cpp, line 1248]
Event: 1.723 Thread 0x00007fa6290a1800 Exception <a 'java/security/PrivilegedActionException'> (0x0000000795803250) thrown at [/HUDSON/workspace/8-2-build-macosx-x86_64/jdk8u5/2488/hotspot/src/share/vm/prims/jvm.cpp, line 1248]
Event: 1.724 Thread 0x00007fa6290a1800 Exception <a 'java/security/PrivilegedActionException'> (0x0000000795808798) thrown at [/HUDSON/workspace/8-2-build-macosx-x86_64/jdk8u5/2488/hotspot/src/share/vm/prims/jvm.cpp, line 1248]
Event: 1.729 Thread 0x00007fa6290a1800 Exception <a 'java/security/PrivilegedActionException'> (0x000000079583d2a0) thrown at [/HUDSON/workspace/8-2-build-macosx-x86_64/jdk8u5/2488/hotspot/src/share/vm/prims/jvm.cpp, line 1248]
Event: 1.731 Thread 0x00007fa6290a1800 Exception <a 'java/security/PrivilegedActionException'> (0x000000079584c2d0) thrown at [/HUDSON/workspace/8-2-build-macosx-x86_64/jdk8u5/2488/hotspot/src/share/vm/prims/jvm.cpp, line 1248]

Events (10 events):
Event: 124.753 Executing VM operation: GetCurrentLocation
Event: 124.753 Executing VM operation: GetCurrentLocation done
Event: 124.753 Executing VM operation: EnterInterpOnlyMode
Event: 124.753 Executing VM operation: EnterInterpOnlyMode done
Event: 124.753 Executing VM operation: ChangeSingleStep
Event: 124.753 Executing VM operation: ChangeSingleStep done
Event: 124.753 Executing VM operation: ChangeSingleStep
Event: 124.753 Executing VM operation: ChangeSingleStep done
Event: 124.758 Executing VM operation: RedefineClasses
Event: 124.766 Executing VM operation: RedefineClasses done


Dynamic libraries:
0x0000000003962000 	/System/Library/Frameworks/Cocoa.framework/Versions/A/Cocoa
0x0000000003962000 	/System/Library/Frameworks/Security.framework/Versions/A/Security
0x0000000003962000 	/System/Library/Frameworks/ApplicationServices.framework/Versions/A/ApplicationServices
0x0000000003962000 	/usr/lib/libz.1.dylib
0x0000000003962000 	/usr/lib/libSystem.B.dylib
0x0000000003962000 	/usr/lib/libobjc.A.dylib
0x0000000003962000 	/System/Library/Frameworks/CoreFoundation.framework/Versions/A/CoreFoundation
0x0000000003962000 	/System/Library/Frameworks/Foundation.framework/Versions/C/Foundation
0x0000000003962000 	/System/Library/Frameworks/AppKit.framework/Versions/C/AppKit
0x0000000003962000 	/System/Library/Frameworks/CoreData.framework/Versions/A/CoreData
0x0000000003962000 	/System/Library/PrivateFrameworks/RemoteViewServices.framework/Versions/A/RemoteViewServices
0x0000000003962000 	/System/Library/PrivateFrameworks/UIFoundation.framework/Versions/A/UIFoundation
0x0000000003962000 	/System/Library/Frameworks/IOSurface.framework/Versions/A/IOSurface
0x0000000003962000 	/System/Library/Frameworks/AudioToolbox.framework/Versions/A/AudioToolbox
0x0000000003962000 	/System/Library/Frameworks/AudioUnit.framework/Versions/A/AudioUnit
0x0000000003962000 	/System/Library/PrivateFrameworks/DataDetectorsCore.framework/Versions/A/DataDetectorsCore
0x0000000003962000 	/System/Library/PrivateFrameworks/DesktopServicesPriv.framework/Versions/A/DesktopServicesPriv
0x0000000003962000 	/System/Library/Frameworks/Carbon.framework/Versions/A/Frameworks/HIToolbox.framework/Versions/A/HIToolbox
0x0000000003962000 	/System/Library/Frameworks/QuartzCore.framework/Versions/A/QuartzCore
0x0000000003962000 	/System/Library/Frameworks/Carbon.framework/Versions/A/Frameworks/SpeechRecognition.framework/Versions/A/SpeechRecognition
0x0000000003962000 	/usr/lib/libauto.dylib
0x0000000003962000 	/usr/lib/libicucore.A.dylib
0x0000000003962000 	/usr/lib/libxml2.2.dylib
0x0000000003962000 	/System/Library/PrivateFrameworks/CoreUI.framework/Versions/A/CoreUI
0x0000000003962000 	/System/Library/Frameworks/CoreAudio.framework/Versions/A/CoreAudio
0x0000000003962000 	/System/Library/Frameworks/DiskArbitration.framework/Versions/A/DiskArbitration
0x0000000003962000 	/usr/lib/liblangid.dylib
0x0000000003962000 	/System/Library/PrivateFrameworks/MultitouchSupport.framework/Versions/A/MultitouchSupport
0x0000000003962000 	/System/Library/Frameworks/IOKit.framework/Versions/A/IOKit
0x0000000003962000 	/usr/lib/libDiagnosticMessagesClient.dylib
0x0000000003962000 	/System/Library/Frameworks/CoreServices.framework/Versions/A/CoreServices
0x0000000003962000 	/System/Library/PrivateFrameworks/PerformanceAnalysis.framework/Versions/A/PerformanceAnalysis
0x0000000003962000 	/System/Library/PrivateFrameworks/GenerationalStorage.framework/Versions/A/GenerationalStorage
0x0000000003962000 	/System/Library/Frameworks/OpenGL.framework/Versions/A/OpenGL
0x0000000003962000 	/System/Library/PrivateFrameworks/Sharing.framework/Versions/A/Sharing
0x0000000003962000 	/System/Library/Frameworks/CoreGraphics.framework/Versions/A/CoreGraphics
0x0000000003962000 	/System/Library/Frameworks/CoreText.framework/Versions/A/CoreText
0x0000000003962000 	/System/Library/Frameworks/ImageIO.framework/Versions/A/ImageIO
0x0000000003962000 	/usr/lib/libextension.dylib
0x0000000003962000 	/System/Library/PrivateFrameworks/Backup.framework/Versions/A/Backup
0x0000000003962000 	/usr/lib/libarchive.2.dylib
0x0000000003962000 	/System/Library/Frameworks/CFNetwork.framework/Versions/A/CFNetwork
0x0000000003962000 	/System/Library/Frameworks/SystemConfiguration.framework/Versions/A/SystemConfiguration
0x0000000003962000 	/usr/lib/libCRFSuite.dylib
0x0000000003962000 	/usr/lib/libc++.1.dylib
0x0000000003962000 	/usr/lib/libc++abi.dylib
0x0000000003962000 	/usr/lib/system/libcache.dylib
0x0000000003962000 	/usr/lib/system/libcommonCrypto.dylib
0x0000000003962000 	/usr/lib/system/libcompiler_rt.dylib
0x0000000003962000 	/usr/lib/system/libcopyfile.dylib
0x0000000003962000 	/usr/lib/system/libcorecrypto.dylib
0x0000000003962000 	/usr/lib/system/libdispatch.dylib
0x0000000003962000 	/usr/lib/system/libdyld.dylib
0x0000000003962000 	/usr/lib/system/libkeymgr.dylib
0x0000000003962000 	/usr/lib/system/liblaunch.dylib
0x0000000003962000 	/usr/lib/system/libmacho.dylib
0x0000000003962000 	/usr/lib/system/libquarantine.dylib
0x0000000003962000 	/usr/lib/system/libremovefile.dylib
0x0000000003962000 	/usr/lib/system/libsystem_asl.dylib
0x0000000003962000 	/usr/lib/system/libsystem_blocks.dylib
0x0000000003962000 	/usr/lib/system/libsystem_c.dylib
0x0000000003962000 	/usr/lib/system/libsystem_configuration.dylib
0x0000000003962000 	/usr/lib/system/libsystem_coreservices.dylib
0x0000000003962000 	/usr/lib/system/libsystem_coretls.dylib
0x0000000003962000 	/usr/lib/system/libsystem_dnssd.dylib
0x0000000003962000 	/usr/lib/system/libsystem_info.dylib
0x0000000003962000 	/usr/lib/system/libsystem_kernel.dylib
0x0000000003962000 	/usr/lib/system/libsystem_m.dylib
0x0000000003962000 	/usr/lib/system/libsystem_malloc.dylib
0x0000000003962000 	/usr/lib/system/libsystem_network.dylib
0x0000000003962000 	/usr/lib/system/libsystem_networkextension.dylib
0x0000000003962000 	/usr/lib/system/libsystem_notify.dylib
0x0000000003962000 	/usr/lib/system/libsystem_platform.dylib
0x0000000003962000 	/usr/lib/system/libsystem_pthread.dylib
0x0000000003962000 	/usr/lib/system/libsystem_sandbox.dylib
0x0000000003962000 	/usr/lib/system/libsystem_secinit.dylib
0x0000000003962000 	/usr/lib/system/libsystem_stats.dylib
0x0000000003962000 	/usr/lib/system/libsystem_trace.dylib
0x0000000003962000 	/usr/lib/system/libunc.dylib
0x0000000003962000 	/usr/lib/system/libunwind.dylib
0x0000000003962000 	/usr/lib/system/libxpc.dylib
0x0000000003962000 	/usr/lib/libbz2.1.0.dylib
0x0000000003962000 	/usr/lib/liblzma.5.dylib
0x0000000003962000 	/usr/lib/libbsm.0.dylib
0x0000000003962000 	/usr/lib/libsqlite3.dylib
0x0000000003962000 	/usr/lib/system/libkxld.dylib
0x0000000003962000 	/usr/lib/libxar.1.dylib
0x0000000003962000 	/usr/lib/libpam.2.dylib
0x0000000003962000 	/usr/lib/libOpenScriptingUtil.dylib
0x0000000003962000 	/System/Library/Frameworks/CoreServices.framework/Versions/A/Frameworks/FSEvents.framework/Versions/A/FSEvents
0x0000000003962000 	/System/Library/Frameworks/CoreServices.framework/Versions/A/Frameworks/CarbonCore.framework/Versions/A/CarbonCore
0x0000000003962000 	/System/Library/Frameworks/CoreServices.framework/Versions/A/Frameworks/Metadata.framework/Versions/A/Metadata
0x0000000003962000 	/System/Library/Frameworks/CoreServices.framework/Versions/A/Frameworks/OSServices.framework/Versions/A/OSServices
0x0000000003962000 	/System/Library/Frameworks/CoreServices.framework/Versions/A/Frameworks/SearchKit.framework/Versions/A/SearchKit
0x0000000003962000 	/System/Library/Frameworks/CoreServices.framework/Versions/A/Frameworks/AE.framework/Versions/A/AE
0x0000000003962000 	/System/Library/Frameworks/CoreServices.framework/Versions/A/Frameworks/LaunchServices.framework/Versions/A/LaunchServices
0x0000000003962000 	/System/Library/Frameworks/CoreServices.framework/Versions/A/Frameworks/DictionaryServices.framework/Versions/A/DictionaryServices
0x0000000003962000 	/System/Library/Frameworks/NetFS.framework/Versions/A/NetFS
0x0000000003962000 	/System/Library/PrivateFrameworks/NetAuth.framework/Versions/A/NetAuth
0x0000000003962000 	/System/Library/PrivateFrameworks/login.framework/Versions/A/Frameworks/loginsupport.framework/Versions/A/loginsupport
0x0000000003962000 	/System/Library/PrivateFrameworks/TCC.framework/Versions/A/TCC
0x0000000003962000 	/usr/lib/libmecabra.dylib
0x0000000003962000 	/System/Library/Frameworks/ApplicationServices.framework/Versions/A/Frameworks/ATS.framework/Versions/A/ATS
0x0000000003962000 	/System/Library/Frameworks/ApplicationServices.framework/Versions/A/Frameworks/ColorSync.framework/Versions/A/ColorSync
0x0000000003962000 	/System/Library/Frameworks/ApplicationServices.framework/Versions/A/Frameworks/HIServices.framework/Versions/A/HIServices
0x0000000003962000 	/System/Library/Frameworks/ApplicationServices.framework/Versions/A/Frameworks/LangAnalysis.framework/Versions/A/LangAnalysis
0x0000000003962000 	/System/Library/Frameworks/ApplicationServices.framework/Versions/A/Frameworks/PrintCore.framework/Versions/A/PrintCore
0x0000000003962000 	/System/Library/Frameworks/ApplicationServices.framework/Versions/A/Frameworks/QD.framework/Versions/A/QD
0x0000000003962000 	/System/Library/Frameworks/ApplicationServices.framework/Versions/A/Frameworks/SpeechSynthesis.framework/Versions/A/SpeechSynthesis
0x0000000003962000 	/System/Library/Frameworks/Accelerate.framework/Versions/A/Accelerate
0x0000000003962000 	/System/Library/Frameworks/Accelerate.framework/Versions/A/Frameworks/vImage.framework/Versions/A/vImage
0x0000000003962000 	/System/Library/Frameworks/Accelerate.framework/Versions/A/Frameworks/vecLib.framework/Versions/A/vecLib
0x0000000003962000 	/System/Library/Frameworks/Accelerate.framework/Versions/A/Frameworks/vecLib.framework/Versions/A/libvDSP.dylib
0x0000000003962000 	/System/Library/Frameworks/Accelerate.framework/Versions/A/Frameworks/vecLib.framework/Versions/A/libvMisc.dylib
0x0000000003962000 	/System/Library/Frameworks/Accelerate.framework/Versions/A/Frameworks/vecLib.framework/Versions/A/libLAPACK.dylib
0x0000000003962000 	/System/Library/Frameworks/Accelerate.framework/Versions/A/Frameworks/vecLib.framework/Versions/A/libBLAS.dylib
0x0000000003962000 	/System/Library/Frameworks/Accelerate.framework/Versions/A/Frameworks/vecLib.framework/Versions/A/libLinearAlgebra.dylib
0x0000000003962000 	/System/Library/Frameworks/ApplicationServices.framework/Versions/A/Frameworks/ATS.framework/Versions/A/Resources/libFontParser.dylib
0x0000000003962000 	/System/Library/Frameworks/ApplicationServices.framework/Versions/A/Frameworks/ATS.framework/Versions/A/Resources/libFontRegistry.dylib
0x0000000003962000 	/System/Library/PrivateFrameworks/AppleVPA.framework/Versions/A/AppleVPA
0x0000000003962000 	/System/Library/PrivateFrameworks/AppleJPEG.framework/Versions/A/AppleJPEG
0x0000000003962000 	/System/Library/Frameworks/ImageIO.framework/Versions/A/Resources/libJPEG.dylib
0x0000000003962000 	/System/Library/Frameworks/ImageIO.framework/Versions/A/Resources/libTIFF.dylib
0x0000000003962000 	/System/Library/Frameworks/ImageIO.framework/Versions/A/Resources/libPng.dylib
0x0000000003962000 	/System/Library/Frameworks/ImageIO.framework/Versions/A/Resources/libGIF.dylib
0x0000000003962000 	/System/Library/Frameworks/ImageIO.framework/Versions/A/Resources/libJP2.dylib
0x0000000003962000 	/System/Library/Frameworks/ImageIO.framework/Versions/A/Resources/libRadiance.dylib
0x0000000003962000 	/System/Library/Frameworks/CoreVideo.framework/Versions/A/CoreVideo
0x0000000003962000 	/System/Library/Frameworks/OpenGL.framework/Versions/A/Libraries/libGLU.dylib
0x0000000003962000 	/System/Library/Frameworks/OpenGL.framework/Versions/A/Libraries/libGFXShared.dylib
0x0000000003962000 	/System/Library/Frameworks/OpenGL.framework/Versions/A/Libraries/libGL.dylib
0x0000000003962000 	/System/Library/Frameworks/OpenGL.framework/Versions/A/Libraries/libGLImage.dylib
0x0000000003962000 	/System/Library/Frameworks/OpenGL.framework/Versions/A/Libraries/libCVMSPluginSupport.dylib
0x0000000003962000 	/System/Library/Frameworks/OpenGL.framework/Versions/A/Libraries/libCoreVMClient.dylib
0x0000000003962000 	/usr/lib/libcups.2.dylib
0x0000000003962000 	/System/Library/Frameworks/Kerberos.framework/Versions/A/Kerberos
0x0000000003962000 	/System/Library/Frameworks/GSS.framework/Versions/A/GSS
0x0000000003962000 	/usr/lib/libresolv.9.dylib
0x0000000003962000 	/usr/lib/libiconv.2.dylib
0x0000000003962000 	/System/Library/PrivateFrameworks/Heimdal.framework/Versions/A/Heimdal
0x0000000003962000 	/usr/lib/libheimdal-asn1.dylib
0x0000000003962000 	/System/Library/Frameworks/OpenDirectory.framework/Versions/A/OpenDirectory
0x0000000003962000 	/System/Library/PrivateFrameworks/CommonAuth.framework/Versions/A/CommonAuth
0x0000000003962000 	/System/Library/Frameworks/OpenDirectory.framework/Versions/A/Frameworks/CFOpenDirectory.framework/Versions/A/CFOpenDirectory
0x0000000003962000 	/System/Library/Frameworks/SecurityFoundation.framework/Versions/A/SecurityFoundation
0x0000000003962000 	/System/Library/PrivateFrameworks/LanguageModeling.framework/Versions/A/LanguageModeling
0x0000000003962000 	/usr/lib/libcmph.dylib
0x0000000003962000 	/System/Library/Frameworks/ServiceManagement.framework/Versions/A/ServiceManagement
0x0000000003962000 	/usr/lib/libxslt.1.dylib
0x0000000003962000 	/System/Library/Frameworks/Carbon.framework/Versions/A/Frameworks/Ink.framework/Versions/A/Ink
0x0000000003962000 	/System/Library/Frameworks/QuartzCore.framework/Versions/A/Frameworks/CoreImage.framework/Versions/A/CoreImage
0x0000000003962000 	/System/Library/PrivateFrameworks/CrashReporterSupport.framework/Versions/A/CrashReporterSupport
0x0000000003962000 	/System/Library/Frameworks/OpenCL.framework/Versions/A/OpenCL
0x0000000003962000 	/System/Library/PrivateFrameworks/FaceCore.framework/Versions/A/FaceCore
0x0000000003962000 	/System/Library/PrivateFrameworks/Ubiquity.framework/Versions/A/Ubiquity
0x0000000003962000 	/System/Library/PrivateFrameworks/IconServices.framework/Versions/A/IconServices
0x0000000003962000 	/System/Library/PrivateFrameworks/ChunkingLibrary.framework/Versions/A/ChunkingLibrary
0x0000000003962000 	/System/Library/PrivateFrameworks/Apple80211.framework/Versions/A/Apple80211
0x0000000003962000 	/System/Library/Frameworks/CoreWLAN.framework/Versions/A/CoreWLAN
0x0000000003962000 	/System/Library/Frameworks/IOBluetooth.framework/Versions/A/IOBluetooth
0x0000000003962000 	/System/Library/PrivateFrameworks/CoreWiFi.framework/Versions/A/CoreWiFi
0x0000000003962000 	/System/Library/Frameworks/CoreBluetooth.framework/Versions/A/CoreBluetooth
0x0000000003962000 	/System/Library/PrivateFrameworks/DebugSymbols.framework/Versions/A/DebugSymbols
0x0000000003962000 	/System/Library/PrivateFrameworks/CoreSymbolication.framework/Versions/A/CoreSymbolication
0x0000000003962000 	/System/Library/PrivateFrameworks/Symbolication.framework/Versions/A/Symbolication
0x0000000003962000 	/System/Library/PrivateFrameworks/SpeechRecognitionCore.framework/Versions/A/SpeechRecognitionCore
0x000000010ef35000 	/Library/Java/JavaVirtualMachines/jdk1.8.0_05.jdk/Contents/Home/jre/lib/server/libjvm.dylib
0x0000000003962000 	/usr/lib/libstdc++.6.dylib
0x0000000110716000 	/Library/Java/JavaVirtualMachines/jdk1.8.0_05.jdk/Contents/Home/jre/lib/libverify.dylib
0x0000000110724000 	/Library/Java/JavaVirtualMachines/jdk1.8.0_05.jdk/Contents/Home/jre/lib/libjava.dylib
0x0000000110758000 	/Library/Java/JavaVirtualMachines/jdk1.8.0_05.jdk/Contents/Home/jre/lib/libjdwp.dylib
0x000000010fdfa000 	/Library/Java/JavaVirtualMachines/jdk1.8.0_05.jdk/Contents/Home/jre/lib/libnpt.dylib
0x00000001107ab000 	/Library/Java/JavaVirtualMachines/jdk1.8.0_05.jdk/Contents/Home/jre/lib/libzip.dylib
0x0000000126828000 	/System/Library/Frameworks/JavaVM.framework/Frameworks/JavaRuntimeSupport.framework/JavaRuntimeSupport
0x000000012683e000 	/System/Library/Frameworks/JavaVM.framework/Versions/A/Frameworks/JavaNativeFoundation.framework/Versions/A/JavaNativeFoundation
0x0000000126852000 	/System/Library/Frameworks/JavaVM.framework/Versions/A/JavaVM
0x0000000003962000 	/System/Library/Frameworks/Carbon.framework/Versions/A/Carbon
0x000000012685e000 	/System/Library/PrivateFrameworks/JavaLaunching.framework/Versions/A/JavaLaunching
0x0000000003962000 	/System/Library/Frameworks/Carbon.framework/Versions/A/Frameworks/CommonPanels.framework/Versions/A/CommonPanels
0x0000000003962000 	/System/Library/Frameworks/Carbon.framework/Versions/A/Frameworks/Help.framework/Versions/A/Help
0x0000000003962000 	/System/Library/Frameworks/Carbon.framework/Versions/A/Frameworks/ImageCapture.framework/Versions/A/ImageCapture
0x0000000003962000 	/System/Library/Frameworks/Carbon.framework/Versions/A/Frameworks/OpenScripting.framework/Versions/A/OpenScripting
0x0000000003962000 	/System/Library/Frameworks/Carbon.framework/Versions/A/Frameworks/Print.framework/Versions/A/Print
0x0000000003962000 	/System/Library/Frameworks/Carbon.framework/Versions/A/Frameworks/SecurityHI.framework/Versions/A/SecurityHI
0x0000000128248000 	/Library/Java/JavaVirtualMachines/jdk1.8.0_05.jdk/Contents/Home/jre/lib/libdt_socket.dylib
0x0000000128c25000 	/Library/Java/JavaVirtualMachines/jdk1.8.0_05.jdk/Contents/Home/jre/lib/libsunec.dylib
0x0000000128f7f000 	/Library/Java/JavaVirtualMachines/jdk1.8.0_05.jdk/Contents/Home/jre/lib/libnet.dylib

VM Arguments:
jvm_args: -agentlib:jdwp=transport=dt_socket,suspend=y,address=localhost:52144 -Dfile.encoding=UTF-8 
java_command: com.teamrouteme.routeme.parserLocation.App
java_class_path (initial): /Users/ginofarisano/Documents/workspace/parserLocation/target/classes:/Users/ginofarisano/Documents/workspace/parserLocation/libs/lucene-analyzers-common-4.10.2.jar:/Users/ginofarisano/Documents/workspace/parserLocation/libs/lucene-core-4.10.2.jar:/Users/ginofarisano/Documents/workspace/parserLocation/libs/pdfbox-1.8.2.jar:/Users/ginofarisano/Documents/workspace/parserLocation/libs/commons-io-2.4-javadoc.jar:/Users/ginofarisano/Documents/workspace/parserLocation/libs/commons-io-2.4.jar:/Users/ginofarisano/Documents/workspace/parserLocation/libs/commons-logging-1.2-javadoc.jar:/Users/ginofarisano/Documents/workspace/parserLocation/libs/commons-logging-1.2.jar:/Users/ginofarisano/Documents/workspace/parserLocation/libs/javautil-3.1.1.jar:/Users/ginofarisano/Documents/workspace/parserLocation/libs/fontbox-1.8.5.jar:/Users/ginofarisano/.m2/repository/com/github/thiagolocatelli/parse4j/1.4/parse4j-1.4.jar:/Users/ginofarisano/.m2/repository/org/slf4j/slf4j-api/1.6.1/slf4j-api-1.6.1.jar:/Users/ginofarisano/.m2/repository/org/apache/httpcomponents/httpclient/4.3.2/httpclient-4.3.2.jar:/Users/ginofarisano/.m2/repository/commons-logging/commons-logging/1.1.3/commons-logging-1.1.3.jar:/Users/ginofarisano/.m2/repository/org/apache/httpcomponents/httpcore/4.3.1/httpcore-4.3.1.jar:/Users/ginofarisano/.m2/repository/org/json/json/20131018/json-20131018.jar:/Users/ginofarisano/.m2/repository/commons-codec/commons-codec/1.9/commons-codec-1.9.jar
Launcher Type: SUN_STANDARD

Environment Variables:
PATH=/usr/bin:/bin:/usr/sbin:/sbin
SHELL=/bin/bash

Signal Handlers:
SIGSEGV: [libjvm.dylib+0x55f7df], sa_mask[0]=0xfffefeff, sa_flags=0x00000043
SIGBUS: [libjvm.dylib+0x55f7df], sa_mask[0]=0xfffefeff, sa_flags=0x00000042
SIGFPE: [libjvm.dylib+0x442cfa], sa_mask[0]=0xfffefeff, sa_flags=0x00000042
SIGPIPE: [libjvm.dylib+0x442cfa], sa_mask[0]=0xfffefeff, sa_flags=0x00000042
SIGXFSZ: [libjvm.dylib+0x442cfa], sa_mask[0]=0xfffefeff, sa_flags=0x00000042
SIGILL: [libjvm.dylib+0x442cfa], sa_mask[0]=0xfffefeff, sa_flags=0x00000042
SIGUSR1: SIG_DFL, sa_mask[0]=0x00000000, sa_flags=0x00000000
SIGUSR2: [libjvm.dylib+0x442818], sa_mask[0]=0x00000004, sa_flags=0x00000042
SIGHUP: [libjvm.dylib+0x440ba5], sa_mask[0]=0xfffefeff, sa_flags=0x00000042
SIGINT: [libjvm.dylib+0x440ba5], sa_mask[0]=0xfffefeff, sa_flags=0x00000042
SIGTERM: [libjvm.dylib+0x440ba5], sa_mask[0]=0xfffefeff, sa_flags=0x00000042
SIGQUIT: [libjvm.dylib+0x440ba5], sa_mask[0]=0xfffefeff, sa_flags=0x00000042


---------------  S Y S T E M  ---------------

OS:Bsduname:Darwin 14.3.0 Darwin Kernel Version 14.3.0: Mon Mar 23 11:59:05 PDT 2015; root:xnu-2782.20.48~5/RELEASE_X86_64 x86_64
rlimit: STACK 8192k, CORE 0k, NPROC 709, NOFILE 10240, AS infinity
load average:1.62 1.78 1.77

CPU:total 4 (2 cores per cpu, 2 threads per core) family 6 model 69 stepping 1, cmov, cx8, fxsr, mmx, sse, sse2, sse3, ssse3, sse4.1, sse4.2, popcnt, avx, avx2, aes, clmul, erms, ht, tsc, tscinvbit

Memory: 4k page, physical 8388608k(710988k free)

/proc/meminfo:


vm_info: Java HotSpot(TM) 64-Bit Server VM (25.5-b02) for bsd-amd64 JRE (1.8.0_05-b13), built on Mar 18 2014 00:36:13 by "java_re" with gcc 4.2.1 (Based on Apple Inc. build 5658) (LLVM build 2336.11.00)

time: Tue Jun 16 15:39:37 2015
elapsed time: 124 seconds

